<?xml version="1.0" encoding="UTF-8"?>
<testsuite xmlns:xsi="http://www.w3.org/2001/XMLSchema-instance" xsi:noNamespaceSchemaLocation="https://maven.apache.org/surefire/maven-surefire-plugin/xsd/surefire-test-report.xsd" name="com.image.charts.ImageChartsTest" time="2.178" tests="19" errors="0" skipped="0" failures="0">
  <properties>
[...]
</properties>
  <testcase name="toBufferWorks" classname="com.image.charts.ImageChartsTest" time="1.051"/>
  <testcase name="queryExposeQuery" classname="com.image.charts.ImageChartsTest" time="0.018"/>
  <testcase name="hostExposeHost" classname="com.image.charts.ImageChartsTest" time="0.011"/>
  <testcase name="portUserDefined" classname="com.image.charts.ImageChartsTest" time="0.007"/>
  <testcase name="portExposePort" classname="com.image.charts.ImageChartsTest" time="0.001"/>
  <testcase name="toUrlAddSignature" classname="com.image.charts.ImageChartsTest" time="0.022"/>
  <testcase name="toDataURISupportGifs" classname="com.image.charts.ImageChartsTest" time="0.135"/>
  <testcase name="hostUserDefined" classname="com.image.charts.ImageChartsTest" time="0.002"/>
  <testcase name="toUrlWorks" classname="com.image.charts.ImageChartsTest" time="0"/>
  <testcase name="pathnameExposePathname" classname="com.image.charts.ImageChartsTest" time="0.002"/>
  <testcase name="protocolExposeProtocol" classname="com.image.charts.ImageChartsTest" time="0.001"/>
  <testcase name="toBufferRejectsIfChsNotDefined" classname="com.image.charts.ImageChartsTest" time="0.322"/>
  <testcase name="toDataURIRejectsIfChsNotDefined" classname="com.image.charts.ImageChartsTest" time="0.195"/>
  <testcase name="toDataURIWorks" classname="com.image.charts.ImageChartsTest" time="0.061"/>
  <testcase name="toBufferRejectsIfIcacWithoutIchm" classname="com.image.charts.ImageChartsTest" time="0.26"/>
  <testcase name="pathnameUserDefined" classname="com.image.charts.ImageChartsTest" time="0.001"/>
  <testcase name="toBufferRejectsIfTimeoutReached" classname="com.image.charts.ImageChartsTest" time="0.005"/>
  <testcase name="queryUserDefined" classname="com.image.charts.ImageChartsTest" time="0.001"/>
  <testcase name="protocolUserDefined" classname="com.image.charts.ImageChartsTest" time="0"/>
</testsuite>